{
  "RSpec": {
    "coverage": {
      "/home/wpterra/Ruby/teste-time-register/app/models/time_register.rb": {
        "lines": [
          1,
          1,
          null,
          1,
          1,
          1,
          null,
          1,
          null,
          1,
          98,
          null,
          39,
          39,
          null,
          39,
          5,
          null,
          null,
          null,
          1,
          98,
          null,
          53,
          4,
          null,
          null,
          null
        ]
      },
      "/home/wpterra/Ruby/teste-time-register/app/models/application_record.rb": {
        "lines": [
          1,
          1,
          null
        ]
      },
      "/home/wpterra/Ruby/teste-time-register/app/models/user.rb": {
        "lines": [
          1,
          1,
          null,
          1,
          1,
          null,
          1,
          14,
          null,
          null
        ]
      },
      "/home/wpterra/Ruby/teste-time-register/app/controllers/api/v1/users_controller.rb": {
        "lines": [
          1,
          1,
          null,
          null,
          1,
          4,
          null,
          4,
          null,
          null,
          null,
          1,
          2,
          null,
          null,
          null,
          1,
          6,
          null,
          6,
          2,
          null,
          4,
          null,
          null,
          null,
          null,
          1,
          5,
          3,
          null,
          2,
          null,
          null,
          null,
          null,
          1,
          4,
          4,
          null,
          null,
          null,
          1,
          6,
          null,
          6,
          null,
          null,
          1,
          null,
          1,
          23,
          null,
          6,
          null,
          null,
          1,
          11,
          null
        ]
      },
      "/home/wpterra/Ruby/teste-time-register/app/controllers/application_controller.rb": {
        "lines": [
          1,
          null
        ]
      },
      "/home/wpterra/Ruby/teste-time-register/app/controllers/api/v1/time_registers_controller.rb": {
        "lines": [
          1,
          1,
          null,
          null,
          1,
          7,
          null,
          7,
          null,
          null,
          null,
          1,
          2,
          null,
          null,
          null,
          1,
          18,
          null,
          18,
          10,
          null,
          8,
          null,
          null,
          null,
          null,
          1,
          10,
          7,
          null,
          3,
          null,
          null,
          null,
          null,
          1,
          4,
          4,
          null,
          null,
          1,
          null,
          1,
          21,
          null,
          5,
          null,
          null,
          1,
          28,
          null
        ]
      },
      "/home/wpterra/Ruby/teste-time-register/app/jobs/application_job.rb": {
        "lines": [
          0,
          null,
          null,
          null,
          null,
          null,
          0
        ],
        "branches": {}
      },
      "/home/wpterra/Ruby/teste-time-register/app/mailers/application_mailer.rb": {
        "lines": [
          0,
          0,
          0,
          0
        ],
        "branches": {}
      }
    },
    "timestamp": 1758681734
  }
}
